[debug] [2019-06-11T20:21:16.501Z] ----------------------------------------------------------------------
[debug] [2019-06-11T20:21:16.503Z] Command:       /usr/local/bin/node /usr/local/bin/firebase serve
[debug] [2019-06-11T20:21:16.503Z] CLI Version:   6.11.0
[debug] [2019-06-11T20:21:16.503Z] Platform:      darwin
[debug] [2019-06-11T20:21:16.503Z] Node Version:  v10.14.2
[debug] [2019-06-11T20:21:16.504Z] Time:          Tue Jun 11 2019 14:21:16 GMT-0600 (Mountain Daylight Time)
[debug] [2019-06-11T20:21:16.504Z] ----------------------------------------------------------------------
[debug] 
[debug] [2019-06-11T20:21:16.514Z] > command requires scopes: ["email","openid","https://www.googleapis.com/auth/cloudplatformprojects.readonly","https://www.googleapis.com/auth/firebase","https://www.googleapis.com/auth/cloud-platform"]
[debug] [2019-06-11T20:21:16.514Z] > authorizing via signed-in user
[debug] [2019-06-11T20:21:16.514Z] [iam] checking project bandwagon-239423 for permissions ["firebase.projects.get"]
[debug] [2019-06-11T20:21:16.517Z] >>> HTTP REQUEST POST https://cloudresourcemanager.googleapis.com/v1/projects/bandwagon-239423:testIamPermissions  

[debug] [2019-06-11T20:21:16.799Z] <<< HTTP RESPONSE 200
[debug] [2019-06-11T20:21:16.802Z] >>> HTTP REQUEST GET https://cloudresourcemanager.googleapis.com/v1/projects/bandwagon-239423  
 
[debug] [2019-06-11T20:21:16.988Z] <<< HTTP RESPONSE 200
[info] 
[info] === Serving from '/Users/chadmckinney/Desktop/DevMountain/Bandwagon'...
[info] 
[warn] ⚠  Your requested "node" version "8" doesn't match your global version "10"
[debug] [2019-06-11T20:21:17.000Z] >>> HTTP REQUEST GET https://mobilesdk-pa.googleapis.com/v1/projects/968888369023/clients/_:getWebAppConfig  
 
[debug] [2019-06-11T20:21:17.001Z] >>> HTTP REQUEST GET https://mobilesdk-pa.googleapis.com/v1/projects/968888369023:getServerAppConfig  
 
[debug] [2019-06-11T20:21:17.184Z] <<< HTTP RESPONSE 200
[info] ✔  functions: Emulator started at http://localhost:5001
[debug] [2019-06-11T20:21:17.318Z] <<< HTTP RESPONSE 200
[info] i  functions: Watching "/Users/chadmckinney/Desktop/DevMountain/Bandwagon/functions" for Cloud Functions...
[info] i  hosting: Serving hosting files from: public
[info] ✔  hosting: Local server: http://localhost:5000
[debug] [2019-06-11T20:21:17.627Z] Functions runtime initialized.
[debug] [2019-06-11T20:21:17.628Z] Disabled runtime features: {"functions_config_helper":true,"network_filtering":true,"timeout":true,"memory_limiting":true,"protect_env":true,"admin_stubs":true}
[debug] [2019-06-11T20:21:18.213Z] firebase-admin has been stubbed.
